1	1.00E-06	5	1
1	1.00E-06	0.999	1
1	1.00E-06	5	1
1	1.00E-06	5	1
1	1.00E-06	0.999	1
1	1.00E-06	0.999	1
1	1.00E-06	0.999	1
1	1.00E-06	0.999	1
1	1.00E-06	0.999	1
1	1.00E-06	0.999	1
1	1.00E-06	5	1
1	1.00E-06	0.999	1
1	1.00E-06	0.999	1
1	1.00E-06	0.999	1
1	1.00E-06	0.999	1
1	1.00E-06	0.999	1
1	1.00E-06	0.999	1
1	1.00E-06	0.999	1
1	1.00E-06	0.999	1
2	1.00E-010	5	1
2	1.00E-010	5	1
2	1.00E-010	5	1
2	1.00E-010	5	1
2	1.00E-010	5	1
2	1.00E-010	5	1
2	1.00E-010	5	1
2	1.00E-010	5	1
2	1.00E-06	5	1
2	1.00E-06	5	1
2	1.00E-06	5	1
2	1.00E-06	5	1
2	1.00E-06	5	1
2	1.00E-06	5	1
2	1.00E-06	5	1
2	1.00E-06	5	1
2	1.00E-06	5	1
2	1.00E-06	5	1
//2	1.00E-06	5	1 20110407 


/*
parameters
kappa, h, sigma_C, sigma_L, fi, iota_P, iota_W, theta_P, theta_W, rho_R, mu_Pi, mu_Y,
rho_A, rho_C, rho_Ak, rho_E, rho_F, rho_G, rho_L, eA, eC, eE, eF, eG, eK, eL, eR
Transformations:									
format:	type, a, b, c
Type 1								
x is [a,b]	->	[-1,1]	-> [-inf,inf] by (1/c)*c*z/sqrt(1-c*z^2)	
Type 2								
x is [0,inf]	->	[-inf,inf] by b	+ (1/c)*ln(para[i]-a);	
*/