0.7      0.10   1.0
1        0.375   3.0
2        0.75   3.0
4        1.5    3
1.45     0.25   3
0.2      0.075   3
0.75     0.15   1
0.75     0.15   1
0.75     0.05   1
0.75     0.05   1
0.8      0.1   1
1.7      0.1   3
0.125    0.05   3
0.85     0.1   1
0.85     0.1   1
0.85     0.1   1
0.85     0.1   1
0.85     0.1   1
0.2      2     4
0.1      2     4
0.4      2     4
0.4      2     4
0.15     2     4
1.0      2     4
0.25     2     4
0.3      2     4
0.1      2     4


/* Define Prior parameters
** pmean
** pstd
** pshape is 1: BETA(mean,stdd)
**           2: GAMMA(mean,stdd)
**           3: NORMAL(mean,stdd)
**           4: INVGAMMA(s^2,nu)
**           5: UNIFORM(a,b)
**           0: no prior
** 
** Parameters
**  h,  sigma_c, sigma_L,  var_phi (capital util. adj. cost),  
**  phi (Fixed Cost share), psi, gam_p, gam_w, 
**  xi_p, xi_w,  
**  rho_m, mu_pi, mu_y
**  rho_z, rho_c, rho_g, rho_L, rho_i,
**  e_c, e_inv, e_q, e_z, e_p, e_L, e_w, e_g, e_m
*/

