1      0.5    3
0.5    0.25   1
1      0.5    3
1      0.75   3
0.05   0.025  4
0.5    0.25   1
0.5    0.25   1
0.5    0.25   1
0.5    0.25   1
0.5    0.25   1
1.5    0.5    3
0.05   0.25   3
0.5    0.25   1    
0.5    0.25   1 
0.5    0.25   1 
0.5    0.25   1 
0.5    0.25   1 
0.5    0.25   1 
0.5    0.25   1 
1.93   2      4
1      2      4
0.25   2      4
0.25   2      4 
0.7    2      4
2.59   2      4
1      2      4
0.19   2      4
0.1    2      0
0.1    2      0
0.1    2      0
0.1    2      0
0.1    2      0
0.1    2      0
0.1    2      0
0.1    2      0
0.1    2      0
0.1    2      0
0.1    2      0


/* Define Prior parameters
** pmean
** pstd
** pshape is 1: BETA(mean,stdd)
**           2: GAMMA(mean,stdd)
**           3: NORMAL(mean,stdd)
**           4: INVGAMMA(s^2,nu)
**           5: UNIFORM(a,b)
**           0: no prior
** 
** Parameters
**  kappa, h, sigma_c, sigma_L, phi, iota_p iota_w  
**  theta_p theta_w, rho_r, mu_pi, mu_y,  
**  rho_a, rho_c, rho_k, rho_e, rho_f, rho_g, rho_l,
**  e_a, e_c, e_e, e_f, e_g, e_k, e_l, e_r
**  uR, uY, uC, uK, uPi, uW, uL, uRE, uLevE, uLevF, uS
*/

