      0.31815276        1.8578215        5.2198510      0.067263247 
    0.0078197233      -0.93955079       0.49290115       0.44077450 
      0.97774152      0.054755587       0.78320727        1.3692638 
    -0.052944937       0.99180392       0.98889490       0.80361856 
      0.35233540       0.95506499       0.13107245      0.058402488 
      0.21925748       0.11545621      0.078508617        1.2475562 
       18.855745       0.11665929      0.013432016 

       1517.8944        235.43367       -15.771638        60.269350 
       2892.3104        553.15726       -31.158561       -6.5441954 
       4616.3555       -1531.9861       -854.79315        575.98895 
       569.84603       -3505.9785        26230.128        162.00839 
      -6.0848154        76.036292       -2655.1176       -90.771301 
     -0.71112602       -84.741749       -1.9860202       0.46867538 
      -1.8812161        5.3461563        66.746367 
       235.43367        57.759005       -5.9094978       -85.447239 
       1512.6297        151.51007       -11.294810       -3.8164255 
       1424.5219       -577.49424       -148.00309        89.287879 
       142.59716       -562.78365        4271.4431        11.546159 
      -14.929410        39.322354       -430.95737       -26.745900 
      -7.6112905       -63.251777       -11.053472      -0.27823767 
     -0.20108392       0.17166218       -2.4848576 
      -15.771638       -5.9094978        11.834517        103.24513 
      -2225.2189       -54.642806       -1.9762533        5.7944283 
      -1430.7016        813.47665        7.1711590       -4.1955390 
      -56.316788        166.71591       -58.765834        5.3008915 
      -3.9514812       -79.619063        5.3653602        54.267907 
       12.580456       -172.09307       -109.82172       0.29518220 
    0.0098280984       0.46841101       0.35375891 
       60.269350       -85.447239        103.24513        32539.310 
      -58852.071       -2463.5463        82.292776       -25.934274 
      -33744.773        10448.458        809.09904       -323.02935 
      -1250.1694        3682.8111       -6731.0062        536.86460 
       154.89389       -6825.4151        654.09436        4009.3248 
       8662.9537       -33.535197       -25.832963        3.6946964 
     -0.93869910        30.028465        192.17005 
       2892.3104        1512.6297       -2225.2189       -58852.071 
       5272403.8        53567.402        1673.1640       -39.390207 
       591307.96       -209933.21       -49.086456        1259.8438 
       22158.655       -100813.94       -38460.242       -3876.5588 
      -1323.4522        53423.110        3548.1057       -37012.015 
      -7743.2936       -4597.3034       -647.65426        23340.743 
       257.82146       -21.261180        830.95595 
       553.15726        151.51007       -54.642806       -2463.5463 
       53567.402        63271.346       -8.0337415        15.601907 
       29184.193       -4170.1242       -20.038332       -4.7524354 
       1089.4654       -3258.1184        1712.0021       -1613.8917 
      -86.126961        338.98903       -175.22427       -214.48222 
       68.869676       -836.16905       -433.09679        131.30102 
      -2.2085747        30231.220       -5.8961223 
      -31.158561       -11.294810       -1.9762533        82.292776 
       1673.1640       -8.0337415        133.02444       0.28541080 
       4026.1558       -139.68894       -57.406981        52.497664 
      -30.889138       -19.000843        855.03432        6.6061641 
      -4.2132050        82.114668       -91.947719       -47.389071 
      -26.966855        16.562014        13.139638       0.00000000 
      -1.9815253       0.43134774        3.7463268 
      -6.5441954       -3.8164255        5.7944283       -25.934274 
      -39.390207        15.601907       0.28541080        65.747765 
      -943.60631        661.83184       -3.1253796        8.1576227 
       35.073551       -7.1771981        122.00142       -9.4180839 
       3.1942135        13.904946       -13.738167       -4.3358215 
      -2.8231145       -157.42563       -108.94730      -0.13531669 
      0.59238908       0.00000000        16.757492 
       4616.3555        1424.5219       -1430.7016       -33744.773 
       591307.96        29184.193        4026.1558       -943.60631 
       1550370.4       -138909.11        3252.8739        680.22230 
       19686.473       -55162.524       -15640.148       -4237.6899 
      -637.29898        33697.899        1361.1683       -23054.603 
      -4558.5260       -2593.4396       -337.49998       -84.782553 
      -814.18980        139.16925        1486.3331 
      -1531.9861       -577.49424        813.47665        10448.458 
      -209933.21       -4170.1242       -139.68894        661.83184 
      -138909.11        76609.786        604.96915       -295.75265 
      -4945.1749        15190.134       -4172.2947       -164.02924 
       179.34785       -8301.9981        399.16166        5735.6822 
       1458.5742       -14389.015       -10763.566        22.148686 
       6.2100501        9.7073107        33.723842 
      -854.79315       -148.00309        7.1711590        809.09904 
      -49.086456       -20.038332       -57.406981       -3.1253796 
       3252.8739        604.96915        1799.0369       -976.54428 
      -259.89344        1171.5737       -33689.451       -157.94567 
      -15.819267        34.037371        3395.8571        2.1689954 
       215.13748       -81.053200       -20.773988      -0.64730661 
      -2.6822003       -3.8004821        5260.0316 
       575.98895        89.287879       -4.1955390       -323.02935 
       1259.8438       -4.7524354        52.497664        8.1576227 
       680.22230       -295.75265       -976.54428        811.23886 
       149.51218       -923.91638        28267.529        117.15588 
       8.0202495        381.20719       -2874.9753       -235.87800 
      -200.55079       0.70601638       -21.342435       0.11615808 
      0.29396613       0.62109814       -819.26546 
       569.84603        142.59716       -56.316788       -1250.1694 
       22158.655        1089.4654       -30.889138        35.073551 
       19686.473       -4945.1749       -259.89344        149.51218 
       3955.1717       -9876.1959        3074.2795        130.87257 
       30.581150        902.05093       -339.54273       -661.76661 
      -173.06644        131.87070        59.671221      -0.56326581 
      -2.0869779       -2.0078577       -174.38578 
      -3505.9785       -562.78365        166.71591        3682.8111 
      -100813.94       -3258.1184       -19.000843       -7.1771981 
      -55162.524        15190.134        1171.5737       -923.91638 
      -9876.1959        55085.137       -15554.396       -922.39393 
       18.134914       -2770.5005        1673.4724        1797.8095 
       497.74991       -120.97253       -89.828190       -80.102529 
     -0.86274902        3.3227161       -69.818568 
       26230.128        4271.4431       -58.765834       -6731.0062 
      -38460.242        1712.0021        855.03432        122.00142 
      -15640.148       -4172.2947       -33689.451        28267.529 
       3074.2795       -15554.396        1235345.8        1437.2317 
       217.68964       -2160.1863       -125909.98        937.51654 
      -1634.8577        465.11026       -202.70798        13.198700 
    -0.056532968        42.677379        1823.4237 
       162.00839        11.546159        5.3008915        536.86460 
      -3876.5588       -1613.8917        6.6061641       -9.4180839 
      -4237.6899       -164.02924       -157.94567        117.15588 
       130.87257       -922.39393        1437.2317        593.47923 
      -63.991261       -389.33257       -160.12319        257.63212 
       37.584915       -96.103306        86.882374     -0.074219473 
       1.6859716       -377.93546       -10.340179 
      -6.0848154       -14.929410       -3.9514812        154.89389 
      -1323.4522       -86.126961       -4.2132050        3.1942135 
      -637.29898        179.34785       -15.819267        8.0202495 
       30.581150        18.134914        217.68964       -63.991261 
       187.21202       -3.9434039       -19.334881        4.2187822 
       2.7290715        509.11933       -28.245134     -0.056427433 
     -0.14933675       -2.7154612       0.00000000 
       76.036292        39.322354       -79.619063       -6825.4151 
       53423.110        338.98903        82.114668        13.904946 
       33697.899       -8301.9981        34.037371        381.20719 
       902.05093       -2770.5005       -2160.1863       -389.33257 
      -3.9434039        14234.757        195.16349       -10462.529 
      -3441.4402        36.102020        24.313293        7.8479277 
      -1.1741524        20.035351        33.835345 
      -2655.1176       -430.95737        5.3653602        654.09436 
       3548.1057       -175.22427       -91.947719       -13.738167 
       1361.1683        399.16166        3395.8571       -2874.9753 
      -339.54273        1673.4724       -125909.98       -160.12319 
      -19.334881        195.16349        13363.099       -81.003528 
       176.92725       -15.570465        25.308549       -1.5168239 
     0.025089476       -3.2441874       -126.79338 
      -90.771301       -26.745900        54.267907        4009.3248 
      -37012.015       -214.48222       -47.389071       -4.3358215 
      -23054.603        5735.6822        2.1689954       -235.87800 
      -661.76661        1797.8095        937.51654        257.63212 
       4.2187822       -10462.529       -81.003528        10922.296 
       2168.4281       -18.391961       -2.7047555       -4.5956716 
      0.74326826       -21.842747        205.51688 
     -0.71112602       -7.6112905        12.580456        8662.9537 
      -7743.2936        68.869676       -26.966855       -2.8231145 
      -4558.5260        1458.5742        215.13748       -200.55079 
      -173.06644        497.74991       -1634.8577        37.584915 
       2.7290715       -3441.4402        176.92725        2168.4281 
       3157.2850        5.8787667        4.3227110      -0.18135192 
     -0.14998526        1.9393801        21.054798 
      -84.741749       -63.251777       -172.09307       -33.535197 
      -4597.3034       -836.16905        16.562014       -157.42563 
      -2593.4396       -14389.015       -81.053200       0.70601638 
       131.87070       -120.97253        465.11026       -96.103306 
       509.11933        36.102020       -15.570465       -18.391961 
       5.8787667        11165.021        3123.5465     -0.086099232 
     0.011393199       -10.128211        23.990508 
      -1.9860202       -11.053472       -109.82172       -25.832963 
      -647.65426       -433.09679        13.139638       -108.94730 
      -337.49998       -10763.566       -20.773988       -21.342435 
       59.671221       -89.828190       -202.70798        86.882374 
      -28.245134        24.313293        25.308549       -2.7047555 
       4.3227110        3123.5465        6211.2451       0.25323822 
     0.058642667       -12.186600        47.041175 
      0.46867538      -0.27823767       0.29518220        3.6946964 
       23340.743        131.30102       0.00000000      -0.13531669 
      -84.782553        22.148686      -0.64730661       0.11615808 
     -0.56326581       -80.102529        13.198700     -0.074219473 
    -0.056427433        7.8479277       -1.5168239       -4.5956716 
     -0.18135192     -0.086099232       0.25323822        154.73313 
   0.00052719694       0.00000000       0.74007439 
      -1.8812161      -0.20108392     0.0098280984      -0.93869910 
       257.82146       -2.2085747       -1.9815253       0.59238908 
      -814.18980        6.2100501       -2.6822003       0.29396613 
      -2.0869779      -0.86274902     -0.056532968        1.6859716 
     -0.14933675       -1.1741524      0.025089476       0.74326826 
     -0.14998526      0.011393199      0.058642667    0.00052719694 
      0.66915768     -0.050740668      0.097931362 
       5.3461563       0.17166218       0.46841101        30.028465 
      -21.261180        30231.220       0.43134774       0.00000000 
       139.16925        9.7073107       -3.8004821       0.62109814 
      -2.0078577        3.3227161        42.677379       -377.93546 
      -2.7154612        20.035351       -3.2441874       -21.842747 
       1.9393801       -10.128211       -12.186600       0.00000000 
    -0.050740668        17537.026        31.657467 
       66.746367       -2.4848576       0.35375891        192.17005 
       830.95595       -5.8961223        3.7463268        16.757492 
       1486.3331        33.723842        5260.0316       -819.26546 
      -174.38578       -69.818568        1823.4237       -10.340179 
      0.00000000        33.835345       -126.79338        205.51688 
       21.054798        23.990508        47.041175       0.74007439 
     0.097931362        31.657467        1325260.7 
