0.60   0.05 3
0.50   0.20 1
1.50   0.25 3    
1.40   0.1 3
0.10     4  4
0.60   0.1 1
0.70   0.1 1
0.50   0.1 1
0.80   0.05 1
0.50   0.25 1
1.60   0.1 3
0.50   0.25 3
0.50   0.25 1
0.50   0.25 1
0.50   0.25 1
0.50   0.25 1
0.50   0.25 1
0.50   0.25 1
0.50   0.25 1
1.00   4  4
1.00   4  4
1.00   4  4
1.00   4  4
1.00   4  4
1.00   4  4
1.00   4  4
0.25   4  4
1.00   4  4
1.00   4  4
1.00   4  4
0.25   4  4
1.00   4  4
0.25   4  4
1.00   4  4
1.00   4  4
1.00   4  4
0.25   4  4
/*1.00   4  4
1.00   4  4
1.00   4  4
0.25   4  4
1.00   4  4
1.00   4  4
0.25   4  4
1.00   4  4
1.00   4  4
0.25   4  4*/
//20110407 nominal rate(down11) 0.25   4  4

/* Define Prior parameters
** pmean
** pstd
** pshape is 1: BETA(mean,stdd)
**           2: GAMMA(mean,stdd)
**           3: NORMAL(mean,stdd)
**           4: INVGAMMA(s^2,nu)
**           5: UNIFORM(a,b)
**           0: no prior
** 
** Parameters
**  h,  sigma_c, sigma_L,  phi (capital util. adj. cost),  Rk, gam_p, 
**  gam_w, psi,  phi (Fixed Cost share),
**  rho_m, mu_pi, mu_y
**  rho_c, rho_i, rho_L, rho_z, rho_g,
**  e_c, e_inv, e_q, e_L, e_w, e_z, e_p, e_g, e_m
*/

