FOR SIG2, MU0, MU1, P, Q
mean ,  STD, Median,  ================================================

  0.42816   0.03882   0.43128 
 -0.00036   0.00157  -0.00012 
  0.99047   0.01240   0.99365 
  0.79837   0.12325   0.82120 
PR[S_t=1|I(T)]
================================================

  0.99890 
  0.99890 
  0.99880 
  0.99690 
  0.99720 
  0.99710 
  0.99760 
  0.99780 
  0.99750 
  0.99750 
  0.99810 
  0.99810 
  0.99790 
  0.99750 
  0.99810 
  0.99820 
  0.99820 
  0.99820 
  0.99820 
  0.99820 
  0.99820 
  0.99810 
  0.99810 
  0.99820 
  0.99820 
  0.99820 
  0.99820 
  0.99820 
  0.99820 
  0.99820 
  0.99820 
  0.99820 
  0.99810 
  0.99820 
  0.99820 
  0.99820 
  0.99820 
  0.99820 
  0.99820 
  0.99820 
  0.99820 
  0.99820 
  0.99820 
  0.99820 
  0.99820 
  0.99820 
  0.99820 
  0.99820 
  0.99810 
  0.99820 
  0.99820 
  0.99820 
  0.99810 
  0.99820 
  0.99820 
  0.99820 
  0.99820 
  0.99810 
  0.99800 
  0.99800 
  0.99800 
  0.99790 
  0.99800 
  0.99800 
  0.99800 
  0.99820 
  0.99820 
  0.99820 
  0.99820 
  0.99820 
  0.99820 
  0.99820 
  0.99820 
  0.99820 
  0.99820 
  0.99820 
  0.99820 
  0.99820 
  0.99820 
  0.99820 
  0.99820 
  0.99810 
  0.99820 
  0.99820 
  0.99820 
  0.99820 
  0.99820 
  0.99820 
  0.99810 
  0.99520 
  0.99590 
  0.99580 
  0.99540 
  0.99550 
  0.99560 
  0.99580 
  0.99650 
  0.99690 
  0.99700 
  0.99710 
  0.99710 
  0.99710 
